[0m11:39:29.560221 [debug] [MainThread]: Sending event: {'category': 'dbt', 'action': 'invocation', 'label': 'start', 'context': [<snowplow_tracker.self_describing_json.SelfDescribingJson object at 0x000001BB2A34D670>, <snowplow_tracker.self_describing_json.SelfDescribingJson object at 0x000001BB2A35FDA0>, <snowplow_tracker.self_describing_json.SelfDescribingJson object at 0x000001BB2C983DA0>]}


============================== 11:39:29.639393 | a6a26a05-288e-456d-a728-c6e329d1835d ==============================
[0m11:39:29.639393 [info ] [MainThread]: Running with dbt=1.11.2
[0m11:39:29.639393 [debug] [MainThread]: running dbt with arguments {'version_check': 'True', 'no_print': 'None', 'static_parser': 'True', 'target_path': 'None', 'warn_error_options': 'WarnErrorOptionsV2(error=[], warn=[], silence=[])', 'printer_width': '80', 'write_json': 'True', 'introspect': 'True', 'log_cache_events': 'False', 'empty': 'None', 'cache_selected_only': 'False', 'log_format': 'default', 'debug': 'False', 'fail_fast': 'False', 'partial_parse': 'True', 'send_anonymous_usage_stats': 'True', 'quiet': 'False', 'warn_error': 'None', 'profiles_dir': 'C:\\Users\\mohit\\.dbt', 'use_colors': 'True', 'invocation_command': 'dbt init', 'indirect_selection': 'eager', 'use_experimental_parser': 'False', 'log_path': 'logs'}
[0m11:39:52.236514 [debug] [MainThread]: Starter project path: D:\aws-dbt-snowflake\.venv\Lib\site-packages\dbt\include\starter_project
[0m11:39:52.317026 [info ] [MainThread]: 
Your new dbt project "aws_dbt_snowflake" was created!

For more information on how to configure the profiles.yml file,
please consult the dbt documentation here:

  https://docs.getdbt.com/docs/configure-your-profile

One more thing:

Need help? Don't hesitate to reach out to us via GitHub issues or on Slack:

  https://community.getdbt.com/

Happy modeling!

[0m11:39:52.317026 [info ] [MainThread]: Setting up your profile.
[0m11:39:58.488814 [debug] [MainThread]: Snowflake adapter: Setting snowflake.connector to ERROR (file logging only)
[0m11:39:58.490837 [debug] [MainThread]: Snowflake adapter: Setting botocore to ERROR (file logging only)
[0m11:39:58.491939 [debug] [MainThread]: Snowflake adapter: Setting boto3 to ERROR (file logging only)
[0m11:41:30.148806 [error] [MainThread]: Encountered an error:
[Errno 13] Permission denied: 'C:\\Users\\mohit\\.dbt\\profiles.yml'
[0m11:41:30.154164 [error] [MainThread]: Traceback (most recent call last):
  File "D:\aws-dbt-snowflake\.venv\Lib\site-packages\dbt\cli\requires.py", line 182, in wrapper
    result, success = func(*args, **kwargs)
                      ^^^^^^^^^^^^^^^^^^^^^
  File "D:\aws-dbt-snowflake\.venv\Lib\site-packages\dbt\cli\requires.py", line 128, in wrapper
    return func(*args, **kwargs)
           ^^^^^^^^^^^^^^^^^^^^^
  File "D:\aws-dbt-snowflake\.venv\Lib\site-packages\dbt\cli\main.py", line 483, in init
    results = task.run()
              ^^^^^^^^^^
  File "D:\aws-dbt-snowflake\.venv\Lib\site-packages\dbt\task\init.py", line 346, in run
    self.setup_profile(profile_name)
  File "D:\aws-dbt-snowflake\.venv\Lib\site-packages\dbt\task\init.py", line 262, in setup_profile
    self.create_profile_from_target(adapter, profile_name=profile_name)
  File "D:\aws-dbt-snowflake\.venv\Lib\site-packages\dbt\task\init.py", line 179, in create_profile_from_target
    self.create_profile_from_profile_template(profile_template, profile_name)
  File "D:\aws-dbt-snowflake\.venv\Lib\site-packages\dbt\task\init.py", line 166, in create_profile_from_profile_template
    self.write_profile(profile, profile_name)
  File "D:\aws-dbt-snowflake\.venv\Lib\site-packages\dbt\task\init.py", line 156, in write_profile
    with open(profiles_filepath, "w") as f:
         ^^^^^^^^^^^^^^^^^^^^^^^^^^^^
PermissionError: [Errno 13] Permission denied: 'C:\\Users\\mohit\\.dbt\\profiles.yml'

[0m11:41:30.157243 [debug] [MainThread]: Command `dbt init` failed at 11:41:30.157243 after 120.77 seconds
[0m11:41:30.161054 [debug] [MainThread]: Sending event: {'category': 'dbt', 'action': 'invocation', 'label': 'end', 'context': [<snowplow_tracker.self_describing_json.SelfDescribingJson object at 0x000001BB2E8B3FB0>, <snowplow_tracker.self_describing_json.SelfDescribingJson object at 0x000001BB2F218EC0>, <snowplow_tracker.self_describing_json.SelfDescribingJson object at 0x000001BB2ED1F440>]}
[0m11:41:30.161054 [debug] [MainThread]: Flushing usage events
[0m11:41:31.953084 [debug] [MainThread]: An error was encountered while trying to flush usage events
[0m11:45:53.883495 [debug] [MainThread]: Sending event: {'category': 'dbt', 'action': 'invocation', 'label': 'start', 'context': [<snowplow_tracker.self_describing_json.SelfDescribingJson object at 0x0000020FA0C71520>, <snowplow_tracker.self_describing_json.SelfDescribingJson object at 0x0000020F9E212330>, <snowplow_tracker.self_describing_json.SelfDescribingJson object at 0x0000020FA07ECE60>]}


============================== 11:45:53.900829 | 611f68e3-fcca-4312-bc20-09fbdea65662 ==============================
[0m11:45:53.900829 [info ] [MainThread]: Running with dbt=1.11.2
[0m11:45:53.907113 [debug] [MainThread]: running dbt with arguments {'version_check': 'True', 'no_print': 'None', 'static_parser': 'True', 'target_path': 'None', 'warn_error_options': 'WarnErrorOptionsV2(error=[], warn=[], silence=[])', 'printer_width': '80', 'write_json': 'True', 'introspect': 'True', 'log_cache_events': 'False', 'empty': 'None', 'cache_selected_only': 'False', 'fail_fast': 'False', 'debug': 'False', 'log_format': 'default', 'partial_parse': 'True', 'send_anonymous_usage_stats': 'True', 'quiet': 'False', 'warn_error': 'None', 'profiles_dir': 'C:\\Users\\mohit\\.dbt', 'use_colors': 'True', 'invocation_command': 'dbt init', 'indirect_selection': 'eager', 'use_experimental_parser': 'False', 'log_path': 'logs'}
[0m11:46:12.256348 [debug] [MainThread]: Starter project path: D:\aws-dbt-snowflake\.venv\Lib\site-packages\dbt\include\starter_project
[0m11:46:12.349539 [info ] [MainThread]: 
Your new dbt project "aws_dbt_snowflake_project" was created!

For more information on how to configure the profiles.yml file,
please consult the dbt documentation here:

  https://docs.getdbt.com/docs/configure-your-profile

One more thing:

Need help? Don't hesitate to reach out to us via GitHub issues or on Slack:

  https://community.getdbt.com/

Happy modeling!

[0m11:46:12.349539 [info ] [MainThread]: Setting up your profile.
[0m11:46:15.565247 [debug] [MainThread]: Snowflake adapter: Setting snowflake.connector to ERROR (file logging only)
[0m11:46:15.565247 [debug] [MainThread]: Snowflake adapter: Setting botocore to ERROR (file logging only)
[0m11:46:15.567270 [debug] [MainThread]: Snowflake adapter: Setting boto3 to ERROR (file logging only)
[0m11:46:59.536825 [info ] [MainThread]: Profile aws_dbt_snowflake_project written to C:\Users\mohit\.dbt\profiles.yml using target's profile_template.yml and your supplied values. Run 'dbt debug' to validate the connection.
[0m11:46:59.544058 [debug] [MainThread]: Command `dbt init` succeeded at 11:46:59.541148 after 65.95 seconds
[0m11:46:59.545094 [debug] [MainThread]: Sending event: {'category': 'dbt', 'action': 'invocation', 'label': 'end', 'context': [<snowplow_tracker.self_describing_json.SelfDescribingJson object at 0x0000020FA0272300>, <snowplow_tracker.self_describing_json.SelfDescribingJson object at 0x0000020FA3000F80>, <snowplow_tracker.self_describing_json.SelfDescribingJson object at 0x0000020FA26011C0>]}
[0m11:46:59.545673 [debug] [MainThread]: Flushing usage events
[0m11:47:00.964752 [debug] [MainThread]: An error was encountered while trying to flush usage events
[0m11:47:22.291907 [debug] [MainThread]: Sending event: {'category': 'dbt', 'action': 'invocation', 'label': 'start', 'context': [<snowplow_tracker.self_describing_json.SelfDescribingJson object at 0x000002152CAB08F0>, <snowplow_tracker.self_describing_json.SelfDescribingJson object at 0x000002152E9A4DA0>, <snowplow_tracker.self_describing_json.SelfDescribingJson object at 0x000002152F08E840>]}


============================== 11:47:22.300085 | 749604ba-c655-4df1-ab5d-d7906c619c09 ==============================
[0m11:47:22.300085 [info ] [MainThread]: Running with dbt=1.11.2
[0m11:47:22.300085 [debug] [MainThread]: running dbt with arguments {'static_parser': 'True', 'no_print': 'None', 'version_check': 'True', 'target_path': 'None', 'warn_error_options': 'WarnErrorOptionsV2(error=[], warn=[], silence=[])', 'printer_width': '80', 'write_json': 'True', 'empty': 'None', 'log_cache_events': 'False', 'introspect': 'True', 'cache_selected_only': 'False', 'fail_fast': 'False', 'debug': 'False', 'log_format': 'default', 'profiles_dir': 'C:\\Users\\mohit\\.dbt', 'send_anonymous_usage_stats': 'True', 'quiet': 'False', 'warn_error': 'None', 'partial_parse': 'True', 'indirect_selection': 'eager', 'invocation_command': 'dbt debug', 'use_colors': 'True', 'use_experimental_parser': 'False', 'log_path': 'logs'}
[0m11:47:22.383373 [info ] [MainThread]: dbt version: 1.11.2
[0m11:47:22.385388 [info ] [MainThread]: python version: 3.12.12
[0m11:47:22.385388 [info ] [MainThread]: python path: D:\aws-dbt-snowflake\.venv\Scripts\python.exe
[0m11:47:22.387405 [info ] [MainThread]: os info: Windows-11-10.0.26200-SP0
[0m11:47:22.814527 [debug] [MainThread]: Snowflake adapter: Setting snowflake.connector to ERROR (file logging only)
[0m11:47:22.816542 [debug] [MainThread]: Snowflake adapter: Setting botocore to ERROR (file logging only)
[0m11:47:22.816542 [debug] [MainThread]: Snowflake adapter: Setting boto3 to ERROR (file logging only)
[0m11:47:22.909324 [info ] [MainThread]: Using profiles dir at C:\Users\mohit\.dbt
[0m11:47:22.909324 [info ] [MainThread]: Using profiles.yml file at C:\Users\mohit\.dbt\profiles.yml
[0m11:47:22.909324 [info ] [MainThread]: Using dbt_project.yml file at D:\aws-dbt-snowflake\dbt_project.yml
[0m11:47:22.909324 [info ] [MainThread]: adapter type: snowflake
[0m11:47:22.909324 [info ] [MainThread]: adapter version: 1.11.0
[0m11:47:22.917434 [info ] [MainThread]: Configuration:
[0m11:47:22.918983 [info ] [MainThread]:   profiles.yml file [[32mOK found and valid[0m]
[0m11:47:22.920920 [info ] [MainThread]:   dbt_project.yml file [[31mERROR not found[0m]
[0m11:47:22.922334 [info ] [MainThread]: Required dependencies:
[0m11:47:22.923238 [debug] [MainThread]: Executing "git --help"
[0m11:47:23.027874 [debug] [MainThread]: STDOUT: "b"usage: git [-v | --version] [-h | --help] [-C <path>] [-c <name>=<value>]\n           [--exec-path[=<path>]] [--html-path] [--man-path] [--info-path]\n           [-p | --paginate | -P | --no-pager] [--no-replace-objects] [--no-lazy-fetch]\n           [--no-optional-locks] [--no-advice] [--bare] [--git-dir=<path>]\n           [--work-tree=<path>] [--namespace=<name>] [--config-env=<name>=<envvar>]\n           <command> [<args>]\n\nThese are common Git commands used in various situations:\n\nstart a working area (see also: git help tutorial)\n   clone      Clone a repository into a new directory\n   init       Create an empty Git repository or reinitialize an existing one\n\nwork on the current change (see also: git help everyday)\n   add        Add file contents to the index\n   mv         Move or rename a file, a directory, or a symlink\n   restore    Restore working tree files\n   rm         Remove files from the working tree and from the index\n\nexamine the history and state (see also: git help revisions)\n   bisect     Use binary search to find the commit that introduced a bug\n   diff       Show changes between commits, commit and working tree, etc\n   grep       Print lines matching a pattern\n   log        Show commit logs\n   show       Show various types of objects\n   status     Show the working tree status\n\ngrow, mark and tweak your common history\n   backfill   Download missing objects in a partial clone\n   branch     List, create, or delete branches\n   commit     Record changes to the repository\n   merge      Join two or more development histories together\n   rebase     Reapply commits on top of another base tip\n   reset      Reset current HEAD to the specified state\n   switch     Switch branches\n   tag        Create, list, delete or verify tags\n\ncollaborate (see also: git help workflows)\n   fetch      Download objects and refs from another repository\n   pull       Fetch from and integrate with another repository or a local branch\n   push       Update remote refs along with associated objects\n\n'git help -a' and 'git help -g' list available subcommands and some\nconcept guides. See 'git help <command>' or 'git help <concept>'\nto read about a specific subcommand or concept.\nSee 'git help git' for an overview of the system.\n""
[0m11:47:23.027874 [debug] [MainThread]: STDERR: "b''"
[0m11:47:23.027874 [info ] [MainThread]:  - git [[32mOK found[0m]

[0m11:47:23.027874 [info ] [MainThread]: Connection:
[0m11:47:23.027874 [info ] [MainThread]:   account: TLPWONK-GD83191
[0m11:47:23.027874 [info ] [MainThread]:   user: MJ
[0m11:47:23.036367 [info ] [MainThread]:   database: AIRBNB
[0m11:47:23.036367 [info ] [MainThread]:   warehouse: COMPUTE_WH
[0m11:47:23.039784 [info ] [MainThread]:   role: ACCOUNTADMIN
[0m11:47:23.043163 [info ] [MainThread]:   schema: dbt_schema
[0m11:47:23.044095 [info ] [MainThread]:   authenticator: None
[0m11:47:23.045795 [info ] [MainThread]:   oauth_client_id: None
[0m11:47:23.047824 [info ] [MainThread]:   query_tag: None
[0m11:47:23.051018 [info ] [MainThread]:   client_session_keep_alive: False
[0m11:47:23.052811 [info ] [MainThread]:   host: None
[0m11:47:23.052811 [info ] [MainThread]:   port: None
[0m11:47:23.055711 [info ] [MainThread]:   proxy_host: None
[0m11:47:23.055711 [info ] [MainThread]:   proxy_port: None
[0m11:47:23.060512 [info ] [MainThread]:   protocol: None
[0m11:47:23.060512 [info ] [MainThread]:   connect_retries: 1
[0m11:47:23.063240 [info ] [MainThread]:   connect_timeout: None
[0m11:47:23.063240 [info ] [MainThread]:   retry_on_database_errors: False
[0m11:47:23.063240 [info ] [MainThread]:   retry_all: False
[0m11:47:23.067110 [info ] [MainThread]:   insecure_mode: False
[0m11:47:23.069133 [info ] [MainThread]:   reuse_connections: True
[0m11:47:23.072235 [info ] [MainThread]:   s3_stage_vpce_dns_name: None
[0m11:47:23.073210 [info ] [MainThread]:   platform_detection_timeout_seconds: 0.0
[0m11:47:23.076981 [info ] [MainThread]: Registered adapter: snowflake=1.11.0
[0m11:47:23.683565 [debug] [MainThread]: Acquiring new snowflake connection 'debug'
[0m11:47:23.826152 [debug] [MainThread]: Using snowflake connection "debug"
[0m11:47:23.826152 [debug] [MainThread]: On debug: select 1 as id
[0m11:47:23.826152 [debug] [MainThread]: Opening a new connection, currently in state init
[0m11:47:25.523826 [debug] [MainThread]: SQL status: SUCCESS 1 in 1.687 seconds
[0m11:47:25.528376 [info ] [MainThread]:   Connection test: [[32mOK connection ok[0m]

[0m11:47:25.528376 [info ] [MainThread]: [31m1 check failed:[0m
[0m11:47:25.528376 [info ] [MainThread]: Project loading failed for the following reason:
 project path <D:\aws-dbt-snowflake\dbt_project.yml> not found

[0m11:47:25.533732 [debug] [MainThread]: Command `dbt debug` failed at 11:47:25.533732 after 3.43 seconds
[0m11:47:25.537846 [debug] [MainThread]: Connection 'debug' was left open.
[0m11:47:25.537846 [debug] [MainThread]: On debug: Close
[0m11:47:25.659719 [debug] [MainThread]: Sending event: {'category': 'dbt', 'action': 'invocation', 'label': 'end', 'context': [<snowplow_tracker.self_describing_json.SelfDescribingJson object at 0x000002152CAB08F0>, <snowplow_tracker.self_describing_json.SelfDescribingJson object at 0x0000021531ADD010>, <snowplow_tracker.self_describing_json.SelfDescribingJson object at 0x0000021531ADD430>]}
[0m11:47:25.661743 [debug] [MainThread]: Flushing usage events
[0m11:47:27.084903 [debug] [MainThread]: An error was encountered while trying to flush usage events
[0m12:54:08.930721 [debug] [MainThread]: Sending event: {'category': 'dbt', 'action': 'invocation', 'label': 'start', 'context': [<snowplow_tracker.self_describing_json.SelfDescribingJson object at 0x0000026DBE36CB30>, <snowplow_tracker.self_describing_json.SelfDescribingJson object at 0x0000026DC18A30E0>, <snowplow_tracker.self_describing_json.SelfDescribingJson object at 0x0000026DC18A1D90>]}


============================== 12:54:08.930721 | 8d57e852-4f36-4028-8d3f-6ee30db90245 ==============================
[0m12:54:08.930721 [info ] [MainThread]: Running with dbt=1.11.2
[0m12:54:08.946416 [debug] [MainThread]: running dbt with arguments {'static_parser': 'True', 'no_print': 'None', 'version_check': 'True', 'target_path': 'None', 'warn_error_options': 'WarnErrorOptionsV2(error=[], warn=[], silence=[])', 'printer_width': '80', 'write_json': 'True', 'introspect': 'True', 'log_cache_events': 'False', 'empty': 'False', 'cache_selected_only': 'False', 'log_format': 'default', 'debug': 'False', 'fail_fast': 'False', 'profiles_dir': 'C:\\Users\\mohit\\.dbt', 'send_anonymous_usage_stats': 'True', 'quiet': 'False', 'warn_error': 'None', 'partial_parse': 'True', 'invocation_command': 'dbt run --select models\\demo', 'use_colors': 'True', 'indirect_selection': 'eager', 'use_experimental_parser': 'False', 'log_path': 'logs'}
[0m12:54:08.946416 [error] [MainThread]: Encountered an error:
Runtime Error
  No dbt_project.yml found at expected path D:\aws-dbt-snowflake\dbt_project.yml
  Verify that each entry within packages.yml (and their transitive dependencies) contains a file named dbt_project.yml
  
[0m12:54:08.946416 [debug] [MainThread]: Command `dbt run` failed at 12:54:08.946416 after 0.26 seconds
[0m12:54:08.946416 [debug] [MainThread]: Sending event: {'category': 'dbt', 'action': 'invocation', 'label': 'end', 'context': [<snowplow_tracker.self_describing_json.SelfDescribingJson object at 0x0000026DBB735640>, <snowplow_tracker.self_describing_json.SelfDescribingJson object at 0x0000026DBF6FE1E0>, <snowplow_tracker.self_describing_json.SelfDescribingJson object at 0x0000026DBF6FDD30>]}
[0m12:54:08.946416 [debug] [MainThread]: Flushing usage events
[0m12:54:10.639342 [debug] [MainThread]: An error was encountered while trying to flush usage events
[0m09:40:56.362986 [debug] [MainThread]: Sending event: {'category': 'dbt', 'action': 'invocation', 'label': 'start', 'context': [<snowplow_tracker.self_describing_json.SelfDescribingJson object at 0x0000028756A0F0B0>, <snowplow_tracker.self_describing_json.SelfDescribingJson object at 0x0000028755F81130>, <snowplow_tracker.self_describing_json.SelfDescribingJson object at 0x0000028755E9ED20>]}


============================== 09:40:56.364352 | ffcbdc58-182e-4323-a449-8763a5ce4500 ==============================
[0m09:40:56.364352 [info ] [MainThread]: Running with dbt=1.11.2
[0m09:40:56.364352 [debug] [MainThread]: running dbt with arguments {'version_check': 'True', 'no_print': 'None', 'static_parser': 'True', 'warn_error_options': 'WarnErrorOptionsV2(error=[], warn=[], silence=[])', 'target_path': 'None', 'printer_width': '80', 'write_json': 'True', 'introspect': 'True', 'log_cache_events': 'False', 'empty': 'False', 'cache_selected_only': 'False', 'log_format': 'default', 'debug': 'False', 'fail_fast': 'False', 'profiles_dir': 'C:\\Users\\mohit\\.dbt', 'send_anonymous_usage_stats': 'True', 'quiet': 'False', 'warn_error': 'None', 'partial_parse': 'True', 'invocation_command': 'dbt run --select gold', 'indirect_selection': 'eager', 'use_colors': 'True', 'use_experimental_parser': 'False', 'log_path': 'logs'}
[0m09:40:56.364352 [error] [MainThread]: Encountered an error:
Runtime Error
  No dbt_project.yml found at expected path D:\aws-dbt-snowflake\dbt_project.yml
  Verify that each entry within packages.yml (and their transitive dependencies) contains a file named dbt_project.yml
  
[0m09:40:56.364352 [debug] [MainThread]: Command `dbt run` failed at 09:40:56.364352 after 0.27 seconds
[0m09:40:56.364352 [debug] [MainThread]: Sending event: {'category': 'dbt', 'action': 'invocation', 'label': 'end', 'context': [<snowplow_tracker.self_describing_json.SelfDescribingJson object at 0x0000028755F81130>, <snowplow_tracker.self_describing_json.SelfDescribingJson object at 0x0000028756B08EC0>, <snowplow_tracker.self_describing_json.SelfDescribingJson object at 0x0000028756B08260>]}
[0m09:40:56.364352 [debug] [MainThread]: Flushing usage events
[0m09:40:57.541885 [debug] [MainThread]: An error was encountered while trying to flush usage events
